# JRE version: Java(TM) SE Runtime Environment (8.0_171-b11) (build 1.8.0_171-b11)
# Java VM: Java HotSpot(TM) 64-Bit Server VM (25.171-b11 mixed mode linux-amd64 compressed oops)
Heap:
 def new generation   total 4928K, used 1471K [0x00000000f0e00000, 0x00000000f1350000, 0x00000000f5ea0000)
  eden space 4416K,  29% used [0x00000000f0e00000, 0x00000000f0f436e0, 0x00000000f1250000)
  from space 512K,  34% used [0x00000000f12d0000, 0x00000000f12fc7d0, 0x00000000f1350000)
  to   space 512K,   0% used [0x00000000f1250000, 0x00000000f1250000, 0x00000000f12d0000)
 tenured generation   total 10944K, used 8290K [0x00000000f5ea0000, 0x00000000f6950000, 0x0000000100000000)
   the space 10944K,  75% used [0x00000000f5ea0000, 0x00000000f66b8b78, 0x00000000f66b8c00, 0x00000000f6950000)
 Metaspace       used 17718K, capacity 17976K, committed 18176K, reserved 1064960K
  class space    used 1927K, capacity 2012K, committed 2048K, reserved 1048576K
GC Heap History (10 events):
Event: 0.681 GC heap before
{Heap before GC invocations=2 (full 0):
 def new generation   total 4928K, used 4927K [0x00000000f0e00000, 0x00000000f1350000, 0x00000000f5ea0000)
  eden space 4416K, 100% used [0x00000000f0e00000, 0x00000000f1250000, 0x00000000f1250000)
  from space 512K,  99% used [0x00000000f1250000, 0x00000000f12cfff0, 0x00000000f12d0000)
  to   space 512K,   0% used [0x00000000f12d0000, 0x00000000f12d0000, 0x00000000f1350000)
 tenured generation   total 10944K, used 2365K [0x00000000f5ea0000, 0x00000000f6950000, 0x0000000100000000)
   the space 10944K,  21% used [0x00000000f5ea0000, 0x00000000f60ef7b8, 0x00000000f60ef800, 0x00000000f6950000)
 Metaspace       used 12619K, capacity 12796K, committed 13056K, reserved 1060864K
  class space    used 1447K, capacity 1510K, committed 1536K, reserved 1048576K
Event: 0.684 GC heap after
Heap after GC invocations=3 (full 0):
 def new generation   total 4928K, used 511K [0x00000000f0e00000, 0x00000000f1350000, 0x00000000f5ea0000)
  eden space 4416K,   0% used [0x00000000f0e00000, 0x00000000f0e00000, 0x00000000f1250000)
  from space 512K,  99% used [0x00000000f12d0000, 0x00000000f134fff0, 0x00000000f1350000)
  to   space 512K,   0% used [0x00000000f1250000, 0x00000000f1250000, 0x00000000f12d0000)
 tenured generation   total 10944K, used 3459K [0x00000000f5ea0000, 0x00000000f6950000, 0x0000000100000000)
   the space 10944K,  31% used [0x00000000f5ea0000, 0x00000000f6200fe0, 0x00000000f6201000, 0x00000000f6950000)
 Metaspace       used 12619K, capacity 12796K, committed 13056K, reserved 1060864K
  class space    used 1447K, capacity 1510K, committed 1536K, reserved 1048576K
}
Event: 0.761 GC heap before
{Heap before GC invocations=3 (full 0):
 def new generation   total 4928K, used 4927K [0x00000000f0e00000, 0x00000000f1350000, 0x00000000f5ea0000)
  eden space 4416K, 100% used [0x00000000f0e00000, 0x00000000f1250000, 0x00000000f1250000)
  from space 512K,  99% used [0x00000000f12d0000, 0x00000000f134fff0, 0x00000000f1350000)
  to   space 512K,   0% used [0x00000000f1250000, 0x00000000f1250000, 0x00000000f12d0000)
 tenured generation   total 10944K, used 3459K [0x00000000f5ea0000, 0x00000000f6950000, 0x0000000100000000)
   the space 10944K,  31% used [0x00000000f5ea0000, 0x00000000f6200fe0, 0x00000000f6201000, 0x00000000f6950000)
 Metaspace       used 12960K, capacity 13168K, committed 13440K, reserved 1060864K
  class space    used 1484K, capacity 1546K, committed 1664K, reserved 1048576K
Event: 0.765 GC heap after
Heap after GC invocations=4 (full 0):
 def new generation   total 4928K, used 68K [0x00000000f0e00000, 0x00000000f1350000, 0x00000000f5ea0000)
  eden space 4416K,   0% used [0x00000000f0e00000, 0x00000000f0e00000, 0x00000000f1250000)
  from space 512K,  13% used [0x00000000f1250000, 0x00000000f12613a0, 0x00000000f12d0000)
  to   space 512K,   0% used [0x00000000f12d0000, 0x00000000f12d0000, 0x00000000f1350000)
 tenured generation   total 10944K, used 5809K [0x00000000f5ea0000, 0x00000000f6950000, 0x0000000100000000)
   the space 10944K,  53% used [0x00000000f5ea0000, 0x00000000f644c400, 0x00000000f644c400, 0x00000000f6950000)
 Metaspace       used 12960K, capacity 13168K, committed 13440K, reserved 1060864K
  class space    used 1484K, capacity 1546K, committed 1664K, reserved 1048576K
}
Event: 1.014 GC heap before
{Heap before GC invocations=4 (full 0):
 def new generation   total 4928K, used 4484K [0x00000000f0e00000, 0x00000000f1350000, 0x00000000f5ea0000)
  eden space 4416K, 100% used [0x00000000f0e00000, 0x00000000f1250000, 0x00000000f1250000)
  from space 512K,  13% used [0x00000000f1250000, 0x00000000f12613a0, 0x00000000f12d0000)
  to   space 512K,   0% used [0x00000000f12d0000, 0x00000000f12d0000, 0x00000000f1350000)
 tenured generation   total 10944K, used 5809K [0x00000000f5ea0000, 0x00000000f6950000, 0x0000000100000000)
   the space 10944K,  53% used [0x00000000f5ea0000, 0x00000000f644c400, 0x00000000f644c400, 0x00000000f6950000)
 Metaspace       used 14122K, capacity 14326K, committed 14592K, reserved 1062912K
  class space    used 1605K, capacity 1677K, committed 1792K, reserved 1048576K
Event: 1.018 GC heap after
Heap after GC invocations=5 (full 0):
 def new generation   total 4928K, used 511K [0x00000000f0e00000, 0x00000000f1350000, 0x00000000f5ea0000)
  eden space 4416K,   0% used [0x00000000f0e00000, 0x00000000f0e00000, 0x00000000f1250000)
  from space 512K,  99% used [0x00000000f12d0000, 0x00000000f134fff8, 0x00000000f1350000)
  to   space 512K,   0% used [0x00000000f1250000, 0x00000000f1250000, 0x00000000f12d0000)
 tenured generation   total 10944K, used 6973K [0x00000000f5ea0000, 0x00000000f6950000, 0x0000000100000000)
   the space 10944K,  63% used [0x00000000f5ea0000, 0x00000000f656f648, 0x00000000f656f800, 0x00000000f6950000)
 Metaspace       used 14122K, capacity 14326K, committed 14592K, reserved 1062912K
  class space    used 1605K, capacity 1677K, committed 1792K, reserved 1048576K
}
Event: 97.586 GC heap before
{Heap before GC invocations=5 (full 0):
 def new generation   total 4928K, used 4926K [0x00000000f0e00000, 0x00000000f1350000, 0x00000000f5ea0000)
  eden space 4416K,  99% used [0x00000000f0e00000, 0x00000000f124fa60, 0x00000000f1250000)
  from space 512K,  99% used [0x00000000f12d0000, 0x00000000f134fff8, 0x00000000f1350000)
  to   space 512K,   0% used [0x00000000f1250000, 0x00000000f1250000, 0x00000000f12d0000)
 tenured generation   total 10944K, used 6973K [0x00000000f5ea0000, 0x00000000f6950000, 0x0000000100000000)
   the space 10944K,  63% used [0x00000000f5ea0000, 0x00000000f656f648, 0x00000000f656f800, 0x00000000f6950000)
 Metaspace       used 17080K, capacity 17368K, committed 17664K, reserved 1064960K
  class space    used 1900K, capacity 1980K, committed 2048K, reserved 1048576K
Event: 97.590 GC heap after
Heap after GC invocations=6 (full 0):
 def new generation   total 4928K, used 511K [0x00000000f0e00000, 0x00000000f1350000, 0x00000000f5ea0000)
  eden space 4416K,   0% used [0x00000000f0e00000, 0x00000000f0e00000, 0x00000000f1250000)
  from space 512K,  99% used [0x00000000f1250000, 0x00000000f12cfff8, 0x00000000f12d0000)
  to   space 512K,   0% used [0x00000000f12d0000, 0x00000000f12d0000, 0x00000000f1350000)
 tenured generation   total 10944K, used 7802K [0x00000000f5ea0000, 0x00000000f6950000, 0x0000000100000000)
   the space 10944K,  71% used [0x00000000f5ea0000, 0x00000000f663ea70, 0x00000000f663ec00, 0x00000000f6950000)
 Metaspace       used 17080K, capacity 17368K, committed 17664K, reserved 1064960K
  class space    used 1900K, capacity 1980K, committed 2048K, reserved 1048576K
}
Event: 249.976 GC heap before
{Heap before GC invocations=6 (full 0):
 def new generation   total 4928K, used 4927K [0x00000000f0e00000, 0x00000000f1350000, 0x00000000f5ea0000)
  eden space 4416K, 100% used [0x00000000f0e00000, 0x00000000f1250000, 0x00000000f1250000)
  from space 512K,  99% used [0x00000000f1250000, 0x00000000f12cfff8, 0x00000000f12d0000)
  to   space 512K,   0% used [0x00000000f12d0000, 0x00000000f12d0000, 0x00000000f1350000)
 tenured generation   total 10944K, used 7802K [0x00000000f5ea0000, 0x00000000f6950000, 0x0000000100000000)
   the space 10944K,  71% used [0x00000000f5ea0000, 0x00000000f663ea70, 0x00000000f663ec00, 0x00000000f6950000)
 Metaspace       used 17625K, capacity 17912K, committed 18176K, reserved 1064960K
  class space    used 1927K, capacity 2012K, committed 2048K, reserved 1048576K
Event: 249.980 GC heap after
Heap after GC invocations=7 (full 0):
 def new generation   total 4928K, used 177K [0x00000000f0e00000, 0x00000000f1350000, 0x00000000f5ea0000)
  eden space 4416K,   0% used [0x00000000f0e00000, 0x00000000f0e00000, 0x00000000f1250000)
  from space 512K,  34% used [0x00000000f12d0000, 0x00000000f12fc7d0, 0x00000000f1350000)
  to   space 512K,   0% used [0x00000000f1250000, 0x00000000f1250000, 0x00000000f12d0000)
 tenured generation   total 10944K, used 8290K [0x00000000f5ea0000, 0x00000000f6950000, 0x0000000100000000)
   the space 10944K,  75% used [0x00000000f5ea0000, 0x00000000f66b8b78, 0x00000000f66b8c00, 0x00000000f6950000)
 Metaspace       used 17625K, capacity 17912K, committed 18176K, reserved 1064960K
  class space    used 1927K, capacity 2012K, committed 2048K, reserved 1048576K
}

